-------------------------------------------------------------------------------
Test set: LockTest
-------------------------------------------------------------------------------
Tests run: 1, Failures: 1, Errors: 0, Skipped: 0, Time elapsed: 0.052 s <<< FAILURE! - in LockTest
testLock(LockTest)  Time elapsed: 0.009 s  <<< FAILURE!
java.lang.AssertionError: expected:<false> but was:<true>
	at LockTest.testLock(LockTest.java:18)

